  Window.cpp
C:\Users\FurWaz\Documents\GitHub\Steroids\Steroids\Steroids\Window.cpp(24,62): warning C4244: 'argument': conversion from 'T' to 'T', possible loss of data
          with
          [
              T=unsigned int
          ]
          and
          [
              T=float
          ]
C:\Users\FurWaz\Documents\GitHub\Steroids\Steroids\Steroids\Window.cpp(24,37): warning C4244: 'argument': conversion from 'T' to 'T', possible loss of data
          with
          [
              T=unsigned int
          ]
          and
          [
              T=float
          ]
C:\Users\FurWaz\Documents\GitHub\Steroids\Steroids\Steroids\Window.cpp(47,15): warning C4244: 'argument': conversion from 'T' to 'T', possible loss of data
          with
          [
              T=unsigned int
          ]
          and
          [
              T=float
          ]
C:\Users\FurWaz\Documents\GitHub\Steroids\Steroids\Steroids\Window.cpp(46,15): warning C4244: 'argument': conversion from 'T' to 'T', possible loss of data
          with
          [
              T=unsigned int
          ]
          and
          [
              T=float
          ]
C:\Users\FurWaz\Documents\GitHub\Steroids\Steroids\Steroids\Window.cpp(172,59): warning C4244: 'argument': conversion from 'int' to 'T', possible loss of data
          with
          [
              T=float
          ]
  main.cpp
  Generating code
  Finished generating code
  4 of 310 functions ( 1.3%) were compiled, the rest were copied from previous compilation.
    2 functions were new in current compilation
    9 functions had inline decision re-evaluated but remain unchanged
  Steroids.vcxproj -> C:\Users\FurWaz\Documents\GitHub\Steroids\Steroids\x64\Release\Steroids.exe
